<?xml version="1.0" encoding="UTF-8"?>
<!-- Generated by org.testng.reporters.JUnitReportReporter -->
<testsuite hostname="DESKTOP-PNCGFM5" failures="0" tests="1" name="com.actiTIME.testcase.ActitimeLoginLogout" time="25.204" errors="0" timestamp="2023-03-25T11:58:17 IST" skipped="0">
  <testcase classname="com.actiTIME.testcase.ActitimeLoginLogout" name="loginlogout" time="25.204"/>
  <system-out/>
</testsuite> <!-- com.actiTIME.testcase.ActitimeLoginLogout -->
