<?xml version="1.0" encoding="UTF-8"?>
<!-- Generated by org.testng.reporters.JUnitReportReporter -->
<testsuite hostname="DESKTOP-PNCGFM5" failures="0" tests="1" name="com.actiTIME.testcase.ActitimeLoginLogout" time="14.871" errors="0" timestamp="2023-03-29T11:53:07 IST" skipped="0">
  <testcase classname="com.actiTIME.testcase.ActitimeLoginLogout" name="loginlogout" time="14.871"/>
  <system-out/>
</testsuite> <!-- com.actiTIME.testcase.ActitimeLoginLogout -->
